4.4.2023, 20:55:42 - INFO - Server is running on port: 3030 
4.4.2023, 21:16:44 - INFO - Server is running on port: 3030 
4.4.2023, 21:18:48 - INFO - Server is running on port: 3030 
4.4.2023, 21:18:54 - INFO - Server is running on port: 3030 
4.4.2023, 21:18:58 - INFO - Server is running on port: 3030 
4.4.2023, 21:47:54 - INFO - Server is running on port: 3030 
4.4.2023, 21:48:19 - INFO - Server is running on port: 3030 
4.4.2023, 21:58:53 - INFO - Server is running on port: 3030 
4.4.2023, 22:00:12 - INFO - Server is running on port: 3030 
4.4.2023, 22:02:27 - INFO - Server is running on port: 3030 
4.4.2023, 22:02:57 - INFO - Server is running on port: 3030 
4.4.2023, 22:10:41 - ERROR - cannot find playlists | TypeError: Cannot read properties of undefined (reading 'title') 
4.4.2023, 22:10:41 - ERROR - Failed to get playlists | TypeError: Cannot read properties of undefined (reading 'title') 
4.4.2023, 22:13:16 - INFO - Server is running on port: 3030 
4.4.2023, 22:14:43 - ERROR - while finding playlist 642ccfc88a4d6ae1ec6766ce | TypeError: Class constructor ObjectId cannot be invoked without 'new' 
4.4.2023, 22:15:04 - ERROR - while finding playlist 642ccfc88a4d6ae1ec6766ce | TypeError: Class constructor ObjectId cannot be invoked without 'new' 
4.4.2023, 22:16:10 - ERROR - while finding playlist 642cd0c48a4d6ae1ec6766cf | TypeError: Class constructor ObjectId cannot be invoked without 'new' 
4.4.2023, 22:19:53 - ERROR - while finding playlist 642cda168a4d6ae1ec6766d1 | TypeError: Class constructor ObjectId cannot be invoked without 'new' 
4.4.2023, 22:21:21 - INFO - Server is running on port: 3030 
4.4.2023, 22:21:46 - INFO - Server is running on port: 3030 
4.4.2023, 22:21:54 - INFO - Server is running on port: 3030 
4.4.2023, 22:22:00 - INFO - Server is running on port: 3030 
4.4.2023, 22:23:25 - INFO - Server is running on port: 3030 
4.4.2023, 22:23:30 - ERROR - while finding playlist 642cda168a4d6ae1ec6766d1 | TypeError: Class constructor ObjectId cannot be invoked without 'new' 
4.4.2023, 22:23:50 - INFO - Server is running on port: 3030 
4.4.2023, 22:23:55 - ERROR - while finding playlist 642cda168a4d6ae1ec6766d1 | TypeError: Class constructor ObjectId cannot be invoked without 'new' 
4.4.2023, 22:24:07 - INFO - Server is running on port: 3030 
4.4.2023, 22:24:14 - ERROR - while finding playlist 642cda168a4d6ae1ec6766d1 | TypeError: Class constructor ObjectId cannot be invoked without 'new' 
4.4.2023, 22:26:08 - INFO - Server is running on port: 3030 
4.4.2023, 22:26:55 - ERROR - cannot remove playlist 642cda168a4d6ae1ec6766d1 | TypeError: Class constructor ObjectId cannot be invoked without 'new' 
4.4.2023, 22:26:55 - ERROR - Failed to remove playlist | TypeError: Class constructor ObjectId cannot be invoked without 'new' 
4.4.2023, 22:28:17 - INFO - Server is running on port: 3030 
4.4.2023, 22:29:05 - INFO - Server is running on port: 3030 
4.4.2023, 22:29:47 - INFO - Server is running on port: 3030 
4.4.2023, 22:29:48 - INFO - Server is running on port: 3030 
6.4.2023, 10:02:52 - INFO - Server is running on port: 3030 
6.4.2023, 10:05:34 - INFO - Server is running on port: 3030 
6.4.2023, 10:17:10 - INFO - Server is running on port: 3030 
6.4.2023, 10:17:59 - INFO - Server is running on port: 3030 
6.4.2023, 10:21:12 - INFO - Server is running on port: 3030 
6.4.2023, 10:33:08 - INFO - Server is running on port: 3030 
6.4.2023, 10:33:29 - INFO - Server is running on port: 3030 
6.4.2023, 10:41:21 - ERROR - cannot update playlist 642ed9e1f435a5662d818a55 | TypeError: Class constructor ObjectId cannot be invoked without 'new' 
6.4.2023, 10:41:21 - ERROR - Failed to update playlist | TypeError: Class constructor ObjectId cannot be invoked without 'new' 
6.4.2023, 10:41:31 - ERROR - cannot update playlist undefined | TypeError: Class constructor ObjectId cannot be invoked without 'new' 
6.4.2023, 10:41:31 - ERROR - Failed to update playlist | TypeError: Class constructor ObjectId cannot be invoked without 'new' 
6.4.2023, 10:41:54 - INFO - Server is running on port: 3030 
